Dataset/Injected_Faults/CommonsApp/apps-android-commons-Defeito-4/data-client/build/outputs/logs/manifest-merger-debug-report.txt
-- Merging decision tree log ---
manifest
ADDED from src/main/AndroidManifest.xml:1:1-4:12
INJECTED from src/main/AndroidManifest.xml:1:1-4:12
INJECTED from src/main/AndroidManifest.xml:1:1-4:12
	package
		INJECTED from src/main/AndroidManifest.xml
		ADDED from src/main/AndroidManifest.xml:1:1-4:12
		INJECTED from src/main/AndroidManifest.xml
	xmlns:android
		ADDED from src/main/AndroidManifest.xml:1:11-69
application
ADDED from src/main/AndroidManifest.xml:2:5-3:19
	android:supportsRtl
		ADDED from src/main/AndroidManifest.xml:2:78-104
	android:label
		ADDED from src/main/AndroidManifest.xml:2:45-77
	android:allowBackup
		ADDED from src/main/AndroidManifest.xml:2:18-44
uses-sdk
INJECTED from src/main/AndroidManifest.xml reason: use-sdk injection requested
INJECTED from src/main/AndroidManifest.xml
INJECTED from src/main/AndroidManifest.xml
INJECTED from src/main/AndroidManifest.xml
INJECTED from src/main/AndroidManifest.xml
	android:targetSdkVersion
		INJECTED from src/main/AndroidManifest.xml
		ADDED from src/main/AndroidManifest.xml
		INJECTED from src/main/AndroidManifest.xml
	android:minSdkVersion
		INJECTED from src/main/AndroidManifest.xml
		ADDED from src/main/AndroidManifest.xml
		INJECTED from src/main/AndroidManifest.xml